|SourceProjectName:Deluxe Media.hpr
|DestinationProjectName:index.htm
index_hha.hhk
index.hhc
index.hhk
About_this_guide\Guide_conventions.htm
About_this_guide\Target_audience.htm
About_this_guide\Using_this_guide.htm
About_this_guide.htm
Admin\Assigning_roles_to_users.htm
Admin\Configuring_FTP.htm
Admin\Creating_users.htm
Admin\Deactivating_a_user.htm
Admin\Managing_jobs.htm
Admin\Modifying_users_profiles.htm
Admin\Setting_up_alerts.htm
Admin.htm
Announcement_analysis_report.htm
Assigning_roles_to_users.htm
Cancellation_report.htm
Changing_your_password.htm
Configuring_FTP.htm
Creating_an_order.htm
Creating_users.htm
Deactivating_a_user.htm
Exporting_order_data.htm
Finance_report.htm
Frequently_Asked_Questions_(FAQ).htm
Getting_started.htm
Introduction\Changing_your_password.htm
Introduction\Getting_started.htm
Introduction\Logging_off_from_Deluxe.htm
Introduction\Logging_on_to_Deluxe.htm
Introduction\Retrieving_your_password.htm
Introduction.htm
Introduction_to_reports.htm
Logging_off_from_Deluxe.htm
Logging_on_to_Deluxe.htm
Managing_jobs.htm
Modifying_order_data.htm
Modifying_users_profiles.htm
Order\Creating_an_order.htm
Order\Exporting_order_data.htm
Order\Modifying_order_data.htm
Order\Searching_for_orders.htm
Order.htm
Reports\Announcement_analysis_report.htm
Reports\Cancellation_report.htm
Reports\Finance_report.htm
Reports\Introduction_to_reports.htm
Reports.htm
Retrieving_your_password.htm
Searching_for_orders.htm
Setting_up_alerts.htm
Titles\Title_report.htm
Titles.htm
template\Azure_Blue\usersettings.js
index.glo
Deluxe_Media.css
template\Azure_Blue\layout-rtl.css
template\Azure_Blue\layout.css
Deluxe_Images\Order\Edit_Order.png
Deluxe_Images\Admin\Create_User.png
Search_Order.png
Edit_Icon.png
template\Azure_Blue\preview\toc-mobile.png
Deluxe_Images\Introduction\Forgot_Password_Confirmation.png
Run_Announcement_Job.png
template\Azure_Blue\previous.png
template\Azure_Blue\previous_tab_active.png
template\Azure_Blue\search_mobile.png
template\Azure_Blue\previous_mobile_active.png
template\Azure_Blue\toc_topic_desktop.png
template\Azure_Blue\preview\sidebar-desktop.png
Deluxe_Images\Admin\Edit_User_Deactive.png
template\Azure_Blue\toc_link_mobile_ltr.png
template\Azure_Blue\slider_rtl.png
template\Azure_Blue\search_desktop_active.png
template\Azure_Blue\search_desktop_navigation.png
template\Azure_Blue\filter_desktop.png
template\Azure_Blue\toc_mobile.png
template\Azure_Blue\search_mobile_navigation.png
template\Azure_Blue\social_open.png
template\Azure_Blue\preview\glossary.png
Create_User.png
Configure_FTP.png
Cancellation_Report.png
Announcement_Analysis_Report.png
Deluxe_Images\Order\Block_diagram.png
template\Azure_Blue\next.png
template\Azure_Blue\menu.png
template\Azure_Blue\toc_book_open_drildown.png
template\Azure_Blue\search_desktop.png
template\Azure_Blue\preview\search-mobile.png
Deluxe_Images\Admin\Run_Announcement_Job.png
Create_Order.png
template\Azure_Blue\next_active.png
template\Azure_Blue\index_mobile.png
template\Azure_Blue\filter_mobile_applied.png
template\Azure_Blue\filter_mobile.png
template\Azure_Blue\toc_book_open_desktop.png
template\Azure_Blue\preview\user-settings.png
Deluxe_Images\Admin\Setting_Alerts.png
Deluxe_Images\Admin\Edit_Icon.png
Export_Order.png
template\Azure_Blue\previous_active.png
template\Azure_Blue\glossary_desktop.png
template\Azure_Blue\previous_tab.png
template\Azure_Blue\andsearch_nomark.png
template\Azure_Blue\preview\social.png
Change_Password.png
template\Azure_Blue\remove.png
template\Azure_Blue\next_tab_active.png
template\Azure_Blue\next_tab.png
template\Azure_Blue\loading.gif
template\Azure_Blue\preview\index.png
template\Azure_Blue\toc_tab.png
template\Azure_Blue\filter_mark_radio.png
Deluxe_Images\Reports\Announcement_Analysis_Report.png
Deluxe_Images\Admin\View_Job.png
Forgot_Password_Link.png
User_Page.png
Deluxe_Images\Titles\Title_Report.png
template\Azure_Blue\back_mobile_ltr.png
template\Azure_Blue\social_close_ltr.png
template\Azure_Blue\toc_desktop.png
template\Azure_Blue\back_mobile_rtl.png
template\Azure_Blue\next_mobile_active.png
template\Azure_Blue\social_close_rtl.png
template\Azure_Blue\toc_topic_mobile.png
template\Azure_Blue\preview\toc-desktop.png
Deluxe_Images\Reports\Finance_Report.png
Create_New_Order.png
template\Azure_Blue\print_desktop.png
template\Azure_Blue\search_tab.png
template\Azure_Blue\filter_mark.png
template\Azure_Blue\andsearch_mark.png
template\Azure_Blue\idx_topic.png
template\Azure_Blue\preview\filter-mobile.png
Deluxe_Images\Order\Search_Order.png
Deluxe_Images\Order\Create_Order.png
Deluxe_Images\Order\Export_Order.png
Finance_Report.png
Edit_User_Deactive.png
Edit_User_Save.png
Tick.png
template\Azure_Blue\slider_open_ltr.png
template\Azure_Blue\slider_open_rtl.png
template\Azure_Blue\filter_tab.png
template\Azure_Blue\toc_book_closed_mobile.png
Deluxe_Images\Admin\Edit_User_Save.png
Deluxe_Images\Admin\Run_Job.png
Deluxe_Images\Introduction\Log_Off.png
Forgot_Password_Confirmation.png
Forgot_Password.png
Modify_User_Details.png
template\Azure_Blue\toc_link_desktop_ltr.png
template\Azure_Blue\glossary_tab.png
template\Azure_Blue\next_mobile.png
template\Azure_Blue\toc_book_open_mobile.png
template\Azure_Blue\toc_link_desktop_rtl.png
template\Azure_Blue\preview\filter.png
Deluxe_Images\Introduction\Forgot_Password.png
Deluxe_Images\Introduction\Change_Password.png
Deluxe_Images\Introduction\Change_Password_Option.png
Edit_Order.png
Run_Job.png
Log_Off.png
Cross.png
template\Azure_Blue\preview\functionbar-desktop.png
template\Azure_Blue\preview\layout-media-queries.png
View_Job.png
template\Azure_Blue\slider_ltr.png
template\Azure_Blue\filter_desktop_applied.png
template\Azure_Blue\filter_clearall.png
template\Azure_Blue\preview\functionbar-mobile.png
template\Azure_Blue\preview\functionbar-tablet.png
Deluxe_Images\Order\Edit_Order_Saved.png
Deluxe_Images\Admin\User_Page.png
Deluxe_Images\Admin\Configure_FTP.png
template\Azure_Blue\top.png
template\Azure_Blue\search_mobile_active.png
template\Azure_Blue\back_mobile_filter.png
template\Azure_Blue\glossary_mobile.png
template\Azure_Blue\filter_nomark.png
template\Azure_Blue\logo.png
template\Azure_Blue\preview\content.png
Deluxe_Images\Reports\Cancellation_Report.png
Deluxe_Images\Order\Create_New_Order.png
Deluxe_Images\Introduction\Login_Page.png
Setting_Alerts.png
Login_Page.png
Change_Password_Option.png
template\Azure_Blue\index_desktop.png
template\Azure_Blue\filter_tab_applied.png
template\Azure_Blue\toc_book_closed_desktop.png
template\Azure_Blue\preview\search.png
template\Azure_Blue\preview\sidebar-mobile.png
template\Azure_Blue\preview\sidebar-tablet.png
template\Azure_Blue\preview\header.png
Deluxe_Images\Admin\Modify_User_Details.png
Deluxe_Images\Admin\Edit_User.png
Edit_Order_Saved.png
Edit_User.png
template\Azure_Blue\search_topic_desktop.png
template\Azure_Blue\index_tab.png
template\Azure_Blue\previous_mobile.png
template\Azure_Blue\filter_nomark_radio.png
template\Azure_Blue\toc_link_mobile_rtl.png
RoboHHRE.lng
ehlpdhtm.js
SearchOptions.xml
index.ppf
whxdata\toc2.js
whxdata\toc2.new.js
whxdata\toc3.js
whxdata\toc3.new.js
whxdata\toc4.js
whxdata\toc4.new.js
whxdata\toc5.js
whxdata\toc5.new.js
whxdata\toc6.js
whxdata\toc6.new.js
whxdata\toc7.js
whxdata\toc7.new.js
whxdata\toc1.js
whxdata\toc1.new.js
whxdata\toc.js
whxdata\toc.new.js
whxdata\idata1.js
whxdata\idata1.new.js
whxdata\idx.js
whxdata\idx.new.js
whxdata\gdata1.js
whxdata\gdata1.new.js
whxdata\glo.js
whxdata\glo.new.js
whxdata\package_0_xml.js
whxdata\package_1_xml.js
whxdata\package_2_xml.js
whxdata\package_3_xml.js
whxdata\package_4_xml.js
whxdata\package_5_xml.js
whxdata\package_6_xml.js
whxdata\package_7_xml.js
whxdata\package_8_xml.js
whxdata\packageindex_xml.js
whxdata\synonym.xml
whxdata\synonym_xml.js
whxdata\topictable_0_xml.js
whxdata\topictable_1_xml.js
whxdata\topictableindex_xml.js
whxdata\whfts.xml
whxdata\whfts_xml.js
whxdata\csh.js
whxdata\window.js
projectdata.js
